{"C:\\Users\\Bryan\\codenation\\nodejs-12\\src\\index.js": {"path":"C:\\Users\\Bryan\\codenation\\nodejs-12\\src\\index.js","statementMap":{"0":{"start":{"line":1,"column":19},"end":{"line":1,"column":50}},"1":{"start":{"line":2,"column":19},"end":{"line":2,"column":77}},"2":{"start":{"line":5,"column":16},"end":{"line":5,"column":23}},"3":{"start":{"line":8,"column":1},"end":{"line":11,"column":4}},"4":{"start":{"line":9,"column":2},"end":{"line":9,"column":53}},"5":{"start":{"line":9,"column":38},"end":{"line":9,"column":51}},"6":{"start":{"line":10,"column":2},"end":{"line":10,"column":38}},"7":{"start":{"line":10,"column":15},"end":{"line":10,"column":38}},"8":{"start":{"line":13,"column":1},"end":{"line":13,"column":17}},"9":{"start":{"line":17,"column":20},"end":{"line":17,"column":138}},"10":{"start":{"line":19,"column":1},"end":{"line":22,"column":4}},"11":{"start":{"line":20,"column":17},"end":{"line":20,"column":77}},"12":{"start":{"line":20,"column":45},"end":{"line":20,"column":76}},"13":{"start":{"line":21,"column":2},"end":{"line":21,"column":35}},"14":{"start":{"line":24,"column":1},"end":{"line":27,"column":25}},"15":{"start":{"line":24,"column":35},"end":{"line":24,"column":54}},"16":{"start":{"line":24,"column":68},"end":{"line":24,"column":89}},"17":{"start":{"line":25,"column":6},"end":{"line":27,"column":25}},"18":{"start":{"line":25,"column":40},"end":{"line":25,"column":59}},"19":{"start":{"line":25,"column":74},"end":{"line":25,"column":95}},"20":{"start":{"line":26,"column":6},"end":{"line":27,"column":25}},"21":{"start":{"line":26,"column":40},"end":{"line":26,"column":59}},"22":{"start":{"line":26,"column":74},"end":{"line":26,"column":95}},"23":{"start":{"line":27,"column":6},"end":{"line":27,"column":25}},"24":{"start":{"line":31,"column":25},"end":{"line":31,"column":26}},"25":{"start":{"line":32,"column":26},"end":{"line":32,"column":27}},"26":{"start":{"line":34,"column":1},"end":{"line":44,"column":4}},"27":{"start":{"line":35,"column":2},"end":{"line":35,"column":44}},"28":{"start":{"line":37,"column":2},"end":{"line":43,"column":5}},"29":{"start":{"line":38,"column":3},"end":{"line":42,"column":4}},"30":{"start":{"line":39,"column":4},"end":{"line":41,"column":5}},"31":{"start":{"line":40,"column":5},"end":{"line":40,"column":62}},"32":{"start":{"line":46,"column":21},"end":{"line":46,"column":59}},"33":{"start":{"line":47,"column":29},"end":{"line":47,"column":75}},"34":{"start":{"line":49,"column":1},"end":{"line":49,"column":148}},"35":{"start":{"line":53,"column":1},"end":{"line":57,"column":4}},"36":{"start":{"line":54,"column":2},"end":{"line":54,"column":20}},"37":{"start":{"line":55,"column":2},"end":{"line":55,"column":30}},"38":{"start":{"line":56,"column":2},"end":{"line":56,"column":28}},"39":{"start":{"line":61,"column":18},"end":{"line":61,"column":42}},"40":{"start":{"line":62,"column":19},"end":{"line":62,"column":45}},"41":{"start":{"line":63,"column":16},"end":{"line":63,"column":46}},"42":{"start":{"line":64,"column":1},"end":{"line":64,"column":28}},"43":{"start":{"line":66,"column":1},"end":{"line":72,"column":3}},"44":{"start":{"line":77,"column":0},"end":{"line":77,"column":37}}},"fnMap":{"0":{"name":"index","decl":{"start":{"line":4,"column":9},"end":{"line":4,"column":14}},"loc":{"start":{"line":4,"column":34},"end":{"line":14,"column":1}},"line":4},"1":{"name":"(anonymous_1)","decl":{"start":{"line":8,"column":13},"end":{"line":8,"column":14}},"loc":{"start":{"line":8,"column":19},"end":{"line":11,"column":2}},"line":8},"2":{"name":"(anonymous_2)","decl":{"start":{"line":9,"column":30},"end":{"line":9,"column":31}},"loc":{"start":{"line":9,"column":38},"end":{"line":9,"column":51}},"line":9},"3":{"name":"getPromotionName","decl":{"start":{"line":16,"column":9},"end":{"line":16,"column":25}},"loc":{"start":{"line":16,"column":40},"end":{"line":28,"column":1}},"line":16},"4":{"name":"(anonymous_4)","decl":{"start":{"line":19,"column":20},"end":{"line":19,"column":21}},"loc":{"start":{"line":19,"column":32},"end":{"line":22,"column":2}},"line":19},"5":{"name":"(anonymous_5)","decl":{"start":{"line":20,"column":37},"end":{"line":20,"column":38}},"loc":{"start":{"line":20,"column":45},"end":{"line":20,"column":76}},"line":20},"6":{"name":"(anonymous_6)","decl":{"start":{"line":24,"column":23},"end":{"line":24,"column":24}},"loc":{"start":{"line":24,"column":35},"end":{"line":24,"column":54}},"line":24},"7":{"name":"(anonymous_7)","decl":{"start":{"line":25,"column":28},"end":{"line":25,"column":29}},"loc":{"start":{"line":25,"column":40},"end":{"line":25,"column":59}},"line":25},"8":{"name":"(anonymous_8)","decl":{"start":{"line":26,"column":28},"end":{"line":26,"column":29}},"loc":{"start":{"line":26,"column":40},"end":{"line":26,"column":59}},"line":26},"9":{"name":"getPrices","decl":{"start":{"line":30,"column":9},"end":{"line":30,"column":18}},"loc":{"start":{"line":30,"column":44},"end":{"line":50,"column":1}},"line":30},"10":{"name":"(anonymous_10)","decl":{"start":{"line":34,"column":22},"end":{"line":34,"column":23}},"loc":{"start":{"line":34,"column":33},"end":{"line":44,"column":2}},"line":34},"11":{"name":"(anonymous_11)","decl":{"start":{"line":37,"column":29},"end":{"line":37,"column":30}},"loc":{"start":{"line":37,"column":38},"end":{"line":43,"column":3}},"line":37},"12":{"name":"getCleanCartList","decl":{"start":{"line":52,"column":9},"end":{"line":52,"column":25}},"loc":{"start":{"line":52,"column":36},"end":{"line":58,"column":1}},"line":52},"13":{"name":"(anonymous_13)","decl":{"start":{"line":53,"column":18},"end":{"line":53,"column":19}},"loc":{"start":{"line":53,"column":29},"end":{"line":57,"column":2}},"line":53},"14":{"name":"getShoppingCart","decl":{"start":{"line":60,"column":9},"end":{"line":60,"column":24}},"loc":{"start":{"line":60,"column":44},"end":{"line":73,"column":1}},"line":60}},"branchMap":{"0":{"loc":{"start":{"line":10,"column":2},"end":{"line":10,"column":38}},"type":"if","locations":[{"start":{"line":10,"column":2},"end":{"line":10,"column":38}},{"start":{"line":10,"column":2},"end":{"line":10,"column":38}}],"line":10},"1":{"loc":{"start":{"line":24,"column":1},"end":{"line":27,"column":25}},"type":"if","locations":[{"start":{"line":24,"column":1},"end":{"line":27,"column":25}},{"start":{"line":24,"column":1},"end":{"line":27,"column":25}}],"line":24},"2":{"loc":{"start":{"line":25,"column":6},"end":{"line":27,"column":25}},"type":"if","locations":[{"start":{"line":25,"column":6},"end":{"line":27,"column":25}},{"start":{"line":25,"column":6},"end":{"line":27,"column":25}}],"line":25},"3":{"loc":{"start":{"line":26,"column":6},"end":{"line":27,"column":25}},"type":"if","locations":[{"start":{"line":26,"column":6},"end":{"line":27,"column":25}},{"start":{"line":26,"column":6},"end":{"line":27,"column":25}}],"line":26},"4":{"loc":{"start":{"line":38,"column":3},"end":{"line":42,"column":4}},"type":"if","locations":[{"start":{"line":38,"column":3},"end":{"line":42,"column":4}},{"start":{"line":38,"column":3},"end":{"line":42,"column":4}}],"line":38},"5":{"loc":{"start":{"line":39,"column":4},"end":{"line":41,"column":5}},"type":"if","locations":[{"start":{"line":39,"column":4},"end":{"line":41,"column":5}},{"start":{"line":39,"column":4},"end":{"line":41,"column":5}}],"line":39}},"s":{"0":1,"1":1,"2":4,"3":4,"4":18,"5":313,"6":18,"7":9,"8":4,"9":4,"10":4,"11":16,"12":36,"13":16,"14":4,"15":16,"16":0,"17":4,"18":16,"19":1,"20":3,"21":12,"22":0,"23":3,"24":4,"25":4,"26":4,"27":9,"28":9,"29":15,"30":7,"31":7,"32":4,"33":4,"34":4,"35":4,"36":9,"37":9,"38":9,"39":4,"40":4,"41":4,"42":4,"43":4,"44":1},"f":{"0":4,"1":18,"2":313,"3":4,"4":16,"5":36,"6":16,"7":16,"8":12,"9":4,"10":9,"11":15,"12":4,"13":9,"14":4},"b":{"0":[9,9],"1":[0,4],"2":[1,3],"3":[0,3],"4":[7,8],"5":[7,0]},"_coverageSchema":"1a1c01bbd47fc00a2c39e90264f33305004495a9","hash":"024fba49de414fb231faab0d3999a995d755de04"}
}
