TN:
SF:src\index.js
FN:4,index
FN:8,(anonymous_1)
FN:9,(anonymous_2)
FN:16,getPromotionName
FN:19,(anonymous_4)
FN:20,(anonymous_5)
FN:24,(anonymous_6)
FN:25,(anonymous_7)
FN:26,(anonymous_8)
FN:30,getPrices
FN:34,(anonymous_10)
FN:37,(anonymous_11)
FN:52,getCleanCartList
FN:53,(anonymous_13)
FN:60,getShoppingCart
FNF:15
FNH:15
FNDA:4,index
FNDA:18,(anonymous_1)
FNDA:313,(anonymous_2)
FNDA:4,getPromotionName
FNDA:16,(anonymous_4)
FNDA:36,(anonymous_5)
FNDA:16,(anonymous_6)
FNDA:16,(anonymous_7)
FNDA:12,(anonymous_8)
FNDA:4,getPrices
FNDA:9,(anonymous_10)
FNDA:15,(anonymous_11)
FNDA:4,getCleanCartList
FNDA:9,(anonymous_13)
FNDA:4,getShoppingCart
DA:1,1
DA:2,1
DA:5,4
DA:8,4
DA:9,313
DA:10,18
DA:13,4
DA:17,4
DA:19,4
DA:20,36
DA:21,16
DA:24,16
DA:25,16
DA:26,12
DA:27,3
DA:31,4
DA:32,4
DA:34,4
DA:35,9
DA:37,9
DA:38,15
DA:39,7
DA:40,7
DA:46,4
DA:47,4
DA:49,4
DA:53,4
DA:54,9
DA:55,9
DA:56,9
DA:61,4
DA:62,4
DA:63,4
DA:64,4
DA:66,4
DA:77,1
LF:36
LH:36
BRDA:10,0,0,9
BRDA:10,0,1,9
BRDA:24,1,0,0
BRDA:24,1,1,4
BRDA:25,2,0,1
BRDA:25,2,1,3
BRDA:26,3,0,0
BRDA:26,3,1,3
BRDA:38,4,0,7
BRDA:38,4,1,8
BRDA:39,5,0,7
BRDA:39,5,1,0
BRF:12
BRH:9
end_of_record
